<?xml version="1.0" encoding="UTF-8"?>
<!-- Generated by org.testng.reporters.JUnitReportReporter -->
<testsuite hostname="DESKTOP-Q84ABS9" failures="0" tests="2" name="test.HomepageTest" time="0.035" errors="0" timestamp="2022-07-13T20:52:32 IST" skipped="0">
  <testcase classname="test.HomepageTest" name="loginTest" time="0.017"/>
  <system-out/>
  <testcase classname="test.HomepageTest" name="HiiTest" time="0.018"/>
  <system-out/>
</testsuite> <!-- test.HomepageTest -->
