<?xml version="1.0" encoding="UTF-8"?>
<!-- Generated by org.testng.reporters.JUnitReportReporter -->
<testsuite hostname="DESKTOP-Q84ABS9" failures="0" tests="4" name="test.FbTest" time="20.867" errors="0" timestamp="2022-07-13T21:51:36 IST" skipped="0">
  <testcase classname="test.FbTest" name="vishal" time="5.557"/>
  <system-out/>
  <testcase classname="test.FbTest" name="abhi" time="6.148"/>
  <system-out/>
  <testcase classname="test.FbTest" name="loginWithOnlyUser" time="4.452"/>
  <system-out/>
  <testcase classname="test.FbTest" name="login" time="4.710"/>
  <system-out/>
</testsuite> <!-- test.FbTest -->
